2019-01-12 20:44:28 [scrapy.utils.log] INFO: Scrapy 1.5.1 started (bot: douban_movie)
2019-01-12 20:44:28 [scrapy.utils.log] INFO: Versions: lxml 4.1.1.0, libxml2 2.9.7, cssselect 1.0.3, parsel 1.5.1, w3lib 1.19.0, Twisted 18.7.0, Python 3.6.4 |Anaconda, Inc.| (default, Jan 16 2018, 10:22:32) [MSC v.1900 64 bit (AMD64)], pyOpenSSL 17.5.0 (OpenSSL 1.0.2p  14 Aug 2018), cryptography 2.1.4, Platform Windows-10-10.0.17134-SP0
2019-01-12 20:44:28 [scrapy.crawler] INFO: Overridden settings: {'BOT_NAME': 'douban_movie', 'CLOSESPIDER_ITEMCOUNT': '1', 'COOKIES_ENABLED': False, 'LOG_FILE': 'dbmovie.log', 'NEWSPIDER_MODULE': 'douban_movie.spiders', 'ROBOTSTXT_OBEY': True, 'SPIDER_MODULES': ['douban_movie.spiders']}
2019-01-12 20:44:28 [scrapy.middleware] INFO: Enabled extensions:
['scrapy.extensions.corestats.CoreStats',
 'scrapy.extensions.telnet.TelnetConsole',
 'scrapy.extensions.closespider.CloseSpider',
 'scrapy.extensions.logstats.LogStats']
2019-01-12 20:44:28 [scrapy.middleware] INFO: Enabled downloader middlewares:
['scrapy.downloadermiddlewares.robotstxt.RobotsTxtMiddleware',
 'scrapy.downloadermiddlewares.httpauth.HttpAuthMiddleware',
 'scrapy.downloadermiddlewares.downloadtimeout.DownloadTimeoutMiddleware',
 'scrapy.downloadermiddlewares.defaultheaders.DefaultHeadersMiddleware',
 'douban_movie.middlewares.RandomUserAgentMiddleware',
 'scrapy.downloadermiddlewares.retry.RetryMiddleware',
 'scrapy.downloadermiddlewares.redirect.MetaRefreshMiddleware',
 'scrapy.downloadermiddlewares.httpcompression.HttpCompressionMiddleware',
 'scrapy.downloadermiddlewares.redirect.RedirectMiddleware',
 'scrapy.downloadermiddlewares.httpproxy.HttpProxyMiddleware',
 'scrapy.downloadermiddlewares.stats.DownloaderStats']
2019-01-12 20:44:28 [scrapy.middleware] INFO: Enabled spider middlewares:
['scrapy.spidermiddlewares.httperror.HttpErrorMiddleware',
 'scrapy.spidermiddlewares.offsite.OffsiteMiddleware',
 'scrapy.spidermiddlewares.referer.RefererMiddleware',
 'scrapy.spidermiddlewares.urllength.UrlLengthMiddleware',
 'scrapy.spidermiddlewares.depth.DepthMiddleware']
2019-01-12 20:44:28 [scrapy.middleware] INFO: Enabled item pipelines:
[]
2019-01-12 20:44:28 [scrapy.core.engine] INFO: Spider opened
2019-01-12 20:44:28 [scrapy.extensions.logstats] INFO: Crawled 0 pages (at 0 pages/min), scraped 0 items (at 0 items/min)
2019-01-12 20:44:28 [scrapy.extensions.telnet] DEBUG: Telnet console listening on 127.0.0.1:6023
2019-01-12 20:44:28 [scrapy.core.engine] DEBUG: Crawled (200) <GET https://movie.douban.com/robots.txt> (referer: None)
2019-01-12 20:44:29 [scrapy.core.engine] DEBUG: Crawled (200) <GET https://movie.douban.com/> (referer: None)
2019-01-12 20:44:29 [scrapy.downloadermiddlewares.redirect] DEBUG: Redirecting (302) to <GET https://movie.douban.com/cinema/nowplaying/guangzhou/> from <GET https://movie.douban.com/cinema/nowplaying/>
2019-01-12 20:44:29 [scrapy.downloadermiddlewares.redirect] DEBUG: Redirecting (301) to <GET https://movie.douban.com/ticket/redirect?url=https%3A%2F%2Fm.maoyan.com%2Fcinema%2Fmovie%2F345172%3F_v_%3Dyes%26merCode%3D1000011> from <GET https://movie.douban.com/ticket/redirect/?url=https%3A%2F%2Fm.maoyan.com%2Fcinema%2Fmovie%2F345172%3F_v_%3Dyes%26merCode%3D1000011>
2019-01-12 20:44:29 [scrapy.downloadermiddlewares.redirect] DEBUG: Redirecting (301) to <GET https://movie.douban.com/ticket/redirect?url=https%3A%2F%2Fm.maoyan.com%2Fcinema%2Fmovie%2F1212949%3F_v_%3Dyes%26merCode%3D1000011> from <GET https://movie.douban.com/ticket/redirect/?url=https%3A%2F%2Fm.maoyan.com%2Fcinema%2Fmovie%2F1212949%3F_v_%3Dyes%26merCode%3D1000011>
2019-01-12 20:44:29 [scrapy.downloadermiddlewares.redirect] DEBUG: Redirecting (301) to <GET https://movie.douban.com/ticket/redirect?url=https%3A%2F%2Fm.maoyan.com%2Fcinema%2Fmovie%2F1220833%3F_v_%3Dyes%26merCode%3D1000011> from <GET https://movie.douban.com/ticket/redirect/?url=https%3A%2F%2Fm.maoyan.com%2Fcinema%2Fmovie%2F1220833%3F_v_%3Dyes%26merCode%3D1000011>
2019-01-12 20:44:29 [scrapy.downloadermiddlewares.redirect] DEBUG: Redirecting (301) to <GET https://movie.douban.com/ticket/redirect?url=https%3A%2F%2Fm.maoyan.com%2Fcinema%2Fmovie%2F445861%3F_v_%3Dyes%26merCode%3D1000011> from <GET https://movie.douban.com/ticket/redirect/?url=https%3A%2F%2Fm.maoyan.com%2Fcinema%2Fmovie%2F445861%3F_v_%3Dyes%26merCode%3D1000011>
2019-01-12 20:44:29 [scrapy.downloadermiddlewares.redirect] DEBUG: Redirecting (301) to <GET https://movie.douban.com/ticket/redirect?url=https%3A%2F%2Fm.maoyan.com%2Fcinema%2Fmovie%2F1133207%3F_v_%3Dyes%26merCode%3D1000011> from <GET https://movie.douban.com/ticket/redirect/?url=https%3A%2F%2Fm.maoyan.com%2Fcinema%2Fmovie%2F1133207%3F_v_%3Dyes%26merCode%3D1000011>
2019-01-12 20:44:29 [scrapy.downloadermiddlewares.redirect] DEBUG: Redirecting (301) to <GET https://movie.douban.com/ticket/redirect?url=https%3A%2F%2Fm.maoyan.com%2Fcinema%2Fmovie%2F1228750%3F_v_%3Dyes%26merCode%3D1000011> from <GET https://movie.douban.com/ticket/redirect/?url=https%3A%2F%2Fm.maoyan.com%2Fcinema%2Fmovie%2F1228750%3F_v_%3Dyes%26merCode%3D1000011>
2019-01-12 20:44:29 [scrapy.downloadermiddlewares.redirect] DEBUG: Redirecting (301) to <GET https://movie.douban.com/ticket/redirect?url=https%3A%2F%2Fm.maoyan.com%2Fcinema%2Fmovie%2F1229697%3F_v_%3Dyes%26merCode%3D1000011> from <GET https://movie.douban.com/ticket/redirect/?url=https%3A%2F%2Fm.maoyan.com%2Fcinema%2Fmovie%2F1229697%3F_v_%3Dyes%26merCode%3D1000011>
2019-01-12 20:44:29 [scrapy.downloadermiddlewares.redirect] DEBUG: Redirecting (301) to <GET https://movie.douban.com/ticket/redirect?url=https%3A%2F%2Fm.maoyan.com%2Fcinema%2Fmovie%2F1200265%3F_v_%3Dyes%26merCode%3D1000011> from <GET https://movie.douban.com/ticket/redirect/?url=https%3A%2F%2Fm.maoyan.com%2Fcinema%2Fmovie%2F1200265%3F_v_%3Dyes%26merCode%3D1000011>
2019-01-12 20:44:30 [scrapy.core.engine] DEBUG: Crawled (200) <GET https://movie.douban.com/subject/26665408/?from=showing> (referer: https://movie.douban.com/)
2019-01-12 20:44:30 [scrapy.core.engine] DEBUG: Crawled (200) <GET https://movie.douban.com/subject/27663881/?from=showing> (referer: https://movie.douban.com/)
2019-01-12 20:44:30 [scrapy.core.engine] DEBUG: Crawled (200) <GET https://movie.douban.com/ticket/redirect?url=https%3A%2F%2Fm.maoyan.com%2Fcinema%2Fmovie%2F345172%3F_v_%3Dyes%26merCode%3D1000011> (referer: https://movie.douban.com/)
2019-01-12 20:44:30 [scrapy.core.engine] DEBUG: Crawled (200) <GET https://movie.douban.com/ticket/redirect?url=https%3A%2F%2Fm.maoyan.com%2Fcinema%2Fmovie%2F445861%3F_v_%3Dyes%26merCode%3D1000011> (referer: https://movie.douban.com/)
2019-01-12 20:44:30 [scrapy.core.scraper] DEBUG: Scraped from <200 https://movie.douban.com/subject/26665408/?from=showing>
{'movie': ['德鲁大叔 Uncle Drew: Chapter 3'], 'year': ['2014']}
2019-01-12 20:44:30 [scrapy.core.engine] INFO: Closing spider (closespider_itemcount)
2019-01-12 20:44:30 [scrapy.core.engine] DEBUG: Crawled (200) <GET https://movie.douban.com/ticket/redirect?url=https%3A%2F%2Fm.maoyan.com%2Fcinema%2Fmovie%2F1220833%3F_v_%3Dyes%26merCode%3D1000011> (referer: https://movie.douban.com/)
2019-01-12 20:44:30 [scrapy.core.scraper] DEBUG: Scraped from <200 https://movie.douban.com/subject/27663881/?from=showing>
{'movie': ['燃点'], 'year': ['2019']}
2019-01-12 20:44:30 [scrapy.core.engine] DEBUG: Crawled (200) <GET https://movie.douban.com/subject/26707088/?from=showing> (referer: https://movie.douban.com/)
2019-01-12 20:44:30 [scrapy.core.engine] DEBUG: Crawled (200) <GET https://movie.douban.com/ticket/redirect?url=https%3A%2F%2Fm.maoyan.com%2Fcinema%2Fmovie%2F1212949%3F_v_%3Dyes%26merCode%3D1000011> (referer: https://movie.douban.com/)
2019-01-12 20:44:30 [scrapy.core.engine] DEBUG: Crawled (200) <GET https://movie.douban.com/ticket/redirect?url=https%3A%2F%2Fm.maoyan.com%2Fcinema%2Fmovie%2F1133207%3F_v_%3Dyes%26merCode%3D1000011> (referer: https://movie.douban.com/)
2019-01-12 20:44:30 [scrapy.core.engine] DEBUG: Crawled (200) <GET https://movie.douban.com/subject/26834059/?from=showing> (referer: https://movie.douban.com/)
2019-01-12 20:44:30 [scrapy.core.engine] DEBUG: Crawled (200) <GET https://movie.douban.com/subject/27620911/?from=showing> (referer: https://movie.douban.com/)
2019-01-12 20:44:30 [scrapy.core.engine] DEBUG: Crawled (200) <GET https://movie.douban.com/ticket/redirect?url=https%3A%2F%2Fm.maoyan.com%2Fcinema%2Fmovie%2F1228750%3F_v_%3Dyes%26merCode%3D1000011> (referer: https://movie.douban.com/)
2019-01-12 20:44:30 [scrapy.core.engine] DEBUG: Crawled (200) <GET https://movie.douban.com/ticket/redirect?url=https%3A%2F%2Fm.maoyan.com%2Fcinema%2Fmovie%2F1229697%3F_v_%3Dyes%26merCode%3D1000011> (referer: https://movie.douban.com/)
2019-01-12 20:44:30 [scrapy.core.scraper] DEBUG: Scraped from <200 https://movie.douban.com/subject/26707088/?from=showing>
{'movie': ['奎迪：英雄再起 Creed II'], 'year': ['2018']}
2019-01-12 20:44:30 [scrapy.downloadermiddlewares.redirect] DEBUG: Redirecting (301) to <GET https://movie.douban.com/ticket/redirect?url=https%3A%2F%2Fm.maoyan.com%2Fcinema%2Fmovie%2F1208282%3F_v_%3Dyes%26merCode%3D1000011> from <GET https://movie.douban.com/ticket/redirect/?url=https%3A%2F%2Fm.maoyan.com%2Fcinema%2Fmovie%2F1208282%3F_v_%3Dyes%26merCode%3D1000011>
2019-01-12 20:44:30 [scrapy.core.engine] DEBUG: Crawled (200) <GET https://movie.douban.com/ticket/redirect?url=https%3A%2F%2Fm.maoyan.com%2Fcinema%2Fmovie%2F1200265%3F_v_%3Dyes%26merCode%3D1000011> (referer: https://movie.douban.com/)
2019-01-12 20:44:30 [scrapy.downloadermiddlewares.redirect] DEBUG: Redirecting (301) to <GET https://movie.douban.com/ticket/redirect?url=https%3A%2F%2Fm.maoyan.com%2Fcinema%2Fmovie%2F1240859%3F_v_%3Dyes%26merCode%3D1000011> from <GET https://movie.douban.com/ticket/redirect/?url=https%3A%2F%2Fm.maoyan.com%2Fcinema%2Fmovie%2F1240859%3F_v_%3Dyes%26merCode%3D1000011>
2019-01-12 20:44:30 [scrapy.core.engine] DEBUG: Crawled (200) <GET https://movie.douban.com/subject/30258232/?from=showing> (referer: https://movie.douban.com/)
2019-01-12 20:44:30 [scrapy.core.scraper] DEBUG: Scraped from <200 https://movie.douban.com/subject/26834059/?from=showing>
{'movie': ['很高兴遇见·你'], 'year': ['2018']}
2019-01-12 20:44:30 [scrapy.core.scraper] DEBUG: Scraped from <200 https://movie.douban.com/subject/27620911/?from=showing>
{'movie': ['灵魂的救赎'], 'year': ['2019']}
2019-01-12 20:44:30 [scrapy.core.scraper] DEBUG: Scraped from <200 https://movie.douban.com/subject/30258232/?from=showing>
{'movie': ['照相师'], 'year': ['2018']}
2019-01-12 20:44:30 [scrapy.core.engine] DEBUG: Crawled (200) <GET https://movie.douban.com/subject/27191492/?from=showing> (referer: https://movie.douban.com/)
2019-01-12 20:44:30 [scrapy.core.engine] DEBUG: Crawled (200) <GET https://movie.douban.com/subject/30377108/?from=showing> (referer: https://movie.douban.com/)
2019-01-12 20:44:30 [scrapy.core.scraper] DEBUG: Scraped from <200 https://movie.douban.com/subject/27191492/?from=showing>
{'movie': ['四个春天'], 'year': ['2017']}
2019-01-12 20:44:30 [scrapy.core.engine] DEBUG: Crawled (200) <GET https://movie.douban.com/cinema/nowplaying/guangzhou/> (referer: https://movie.douban.com/)
2019-01-12 20:44:30 [scrapy.core.scraper] DEBUG: Scraped from <200 https://movie.douban.com/subject/30377108/?from=showing>
{'movie': ['闯堂兔3囧囧时光机'], 'year': ['2019']}
2019-01-12 20:44:30 [scrapy.statscollectors] INFO: Dumping Scrapy stats:
{'downloader/request_bytes': 11783,
 'downloader/request_count': 30,
 'downloader/request_method_count/GET': 30,
 'downloader/response_bytes': 281201,
 'downloader/response_count': 30,
 'downloader/response_status_count/200': 19,
 'downloader/response_status_count/301': 10,
 'downloader/response_status_count/302': 1,
 'finish_reason': 'closespider_itemcount',
 'finish_time': datetime.datetime(2019, 1, 12, 12, 44, 30, 969335),
 'item_scraped_count': 8,
 'log_count/DEBUG': 39,
 'log_count/INFO': 7,
 'request_depth_max': 1,
 'response_received_count': 19,
 'scheduler/dequeued': 29,
 'scheduler/dequeued/memory': 29,
 'scheduler/enqueued': 100,
 'scheduler/enqueued/memory': 100,
 'start_time': datetime.datetime(2019, 1, 12, 12, 44, 28, 629928)}
2019-01-12 20:44:30 [scrapy.core.engine] INFO: Spider closed (closespider_itemcount)
